<?xml version="1.0" encoding="UTF-8"?>
<!-- Generated by org.testng.reporters.JUnitReportReporter -->
<testsuite hostname="DESKTOP-5DKC90P" failures="0" tests="2" name="google.Gmail" time="5.462" errors="0" timestamp="2021-10-14T21:57:10 IST" skipped="0">
  <testcase classname="google.Gmail" name="initilizeGoogle" time="2.117"/>
  <system-out/>
  <testcase classname="google.Gmail" name="initilizeGmail" time="3.345"/>
  <system-out/>
</testsuite> <!-- google.Gmail -->
