<?xml version="1.0" encoding="UTF-8"?>
<!-- Generated by org.testng.reporters.JUnitReportReporter -->
<testsuite hostname="DESKTOP-5DKC90P" failures="0" tests="1" name="resources.Base" time="3.078" errors="0" timestamp="2021-10-12T13:31:16 IST" skipped="0">
  <testcase classname="resources.Base" name="initilizeDriver" time="3.078"/>
  <system-out/>
</testsuite> <!-- resources.Base -->
