<?xml version="1.0" encoding="UTF-8"?>
<!-- Generated by org.testng.reporters.JUnitReportReporter -->
<testsuite hostname="DESKTOP-5DKC90P" failures="0" tests="2" name="google.Gmail" time="10.294" errors="0" timestamp="2021-10-14T21:40:06 IST" skipped="0">
  <testcase classname="google.Gmail" name="initilizeGoogle" time="3.561"/>
  <system-out/>
  <testcase classname="google.Gmail" name="initilizeGmail" time="6.733"/>
  <system-out/>
</testsuite> <!-- google.Gmail -->
