<?xml version="1.0" encoding="UTF-8"?>
<!-- Generated by org.testng.reporters.JUnitReportReporter -->
<testsuite hostname="DESKTOP-5DKC90P" failures="0" tests="2" name="google.Gmail" time="9.209" errors="0" timestamp="2021-10-12T13:37:49 IST" skipped="0">
  <testcase classname="google.Gmail" name="initilizeGoogle" time="3.566"/>
  <system-out/>
  <testcase classname="google.Gmail" name="initilizeGmail" time="5.643"/>
  <system-out/>
</testsuite> <!-- google.Gmail -->
