<?xml version="1.0" encoding="UTF-8"?>
<!-- Generated by org.testng.reporters.JUnitReportReporter -->
<testsuite hostname="DESKTOP-5DKC90P" failures="0" tests="1" name="All.AppTest" time="0.008" errors="0" timestamp="2021-10-12T13:44:56 IST" skipped="0">
  <testcase classname="All.AppTest" name="shouldAnswerWithTrue" time="0.008"/>
  <system-out/>
</testsuite> <!-- All.AppTest -->
