<?xml version="1.0" encoding="UTF-8"?>
<!-- Generated by org.testng.reporters.JUnitReportReporter -->
<testsuite skipped="0" hostname="DESKTOP-5DKC90P" name="google.Gmail" tests="2" failures="0" timestamp="2021-10-14T15:54:26 IST" time="9.011" errors="0">
  <testcase name="initilizeGoogle" time="4.061" classname="google.Gmail"/>
  <system-out/>
  <testcase name="initilizeGmail" time="4.950" classname="google.Gmail"/>
  <system-out/>
</testsuite> <!-- google.Gmail -->
