<?xml version="1.0" encoding="UTF-8"?>
<!-- Generated by org.testng.reporters.JUnitReportReporter -->
<testsuite skipped="0" hostname="DESKTOP-5DKC90P" name="google.Gmail" tests="2" failures="0" timestamp="2021-10-12T13:46:30 IST" time="11.760" errors="0">
  <testcase name="initilizeGoogle" time="7.100" classname="google.Gmail"/>
  <system-out/>
  <testcase name="initilizeGmail" time="4.660" classname="google.Gmail"/>
  <system-out/>
</testsuite> <!-- google.Gmail -->
