<?xml version="1.0" encoding="UTF-8"?>
<!-- Generated by org.testng.reporters.JUnitReportReporter -->
<testsuite skipped="0" hostname="DESKTOP-5DKC90P" name="google.Gmail" tests="2" failures="0" timestamp="2021-10-14T16:18:22 IST" time="22.614" errors="0">
  <testcase name="initilizeGoogle" time="6.277" classname="google.Gmail"/>
  <system-out/>
  <testcase name="initilizeGmail" time="16.337" classname="google.Gmail"/>
  <system-out/>
</testsuite> <!-- google.Gmail -->
